0 info it worked if it ends with ok
1 verbose cli [ '/usr/local/Cellar/node/7.0.0/bin/node',
1 verbose cli   '/usr/local/bin/npm',
1 verbose cli   'start' ]
2 info using npm@3.10.8
3 info using node@v7.0.0
4 verbose run-script [ 'prestart', 'start', 'poststart' ]
5 info lifecycle tweetsnode@0.0.0~prestart: tweetsnode@0.0.0
6 silly lifecycle tweetsnode@0.0.0~prestart: no script for prestart, continuing
7 info lifecycle tweetsnode@0.0.0~start: tweetsnode@0.0.0
8 verbose lifecycle tweetsnode@0.0.0~start: unsafe-perm in lifecycle true
9 verbose lifecycle tweetsnode@0.0.0~start: PATH: /usr/local/lib/node_modules/npm/bin/node-gyp-bin:/Users/camilagarciahernandez/Documents/Universidad/Semestre8/WebDev/WebDev20171/mongotweets/node_modules/.bin:/usr/local/Cellar/node/7.0.0/bin:/Users/camilagarciahernandez/Documents/activator-dist-1.3.10/bin:/Library/Frameworks/Python.framework/Versions/3.5/bin:/usr/local/bin:/usr/local/bin:/System/Library/Frameworks/Python.framework/Versions/3.5/bin:/usr/bin:/bin:/usr/sbin:/sbin:/usr/local/bin:/opt/X11/bin:/usr/local/go/bin
10 verbose lifecycle tweetsnode@0.0.0~start: CWD: /Users/camilagarciahernandez/Documents/Universidad/Semestre8/WebDev/WebDev20171/mongotweets
11 silly lifecycle tweetsnode@0.0.0~start: Args: [ '-c', 'node ./bin/www' ]
12 silly lifecycle tweetsnode@0.0.0~start: Returned: code: 1  signal: null
13 info lifecycle tweetsnode@0.0.0~start: Failed to exec start script
14 verbose stack Error: tweetsnode@0.0.0 start: `node ./bin/www`
14 verbose stack Exit status 1
14 verbose stack     at EventEmitter.<anonymous> (/usr/local/lib/node_modules/npm/lib/utils/lifecycle.js:255:16)
14 verbose stack     at emitTwo (events.js:106:13)
14 verbose stack     at EventEmitter.emit (events.js:191:7)
14 verbose stack     at ChildProcess.<anonymous> (/usr/local/lib/node_modules/npm/lib/utils/spawn.js:40:14)
14 verbose stack     at emitTwo (events.js:106:13)
14 verbose stack     at ChildProcess.emit (events.js:191:7)
14 verbose stack     at maybeClose (internal/child_process.js:877:16)
14 verbose stack     at Process.ChildProcess._handle.onexit (internal/child_process.js:226:5)
15 verbose pkgid tweetsnode@0.0.0
16 verbose cwd /Users/camilagarciahernandez/Documents/Universidad/Semestre8/WebDev/WebDev20171/mongotweets
17 error Darwin 15.5.0
18 error argv "/usr/local/Cellar/node/7.0.0/bin/node" "/usr/local/bin/npm" "start"
19 error node v7.0.0
20 error npm  v3.10.8
21 error code ELIFECYCLE
22 error tweetsnode@0.0.0 start: `node ./bin/www`
22 error Exit status 1
23 error Failed at the tweetsnode@0.0.0 start script 'node ./bin/www'.
23 error Make sure you have the latest version of node.js and npm installed.
23 error If you do, this is most likely a problem with the tweetsnode package,
23 error not with npm itself.
23 error Tell the author that this fails on your system:
23 error     node ./bin/www
23 error You can get information on how to open an issue for this project with:
23 error     npm bugs tweetsnode
23 error Or if that isn't available, you can get their info via:
23 error     npm owner ls tweetsnode
23 error There is likely additional logging output above.
24 verbose exit [ 1, true ]
